build/app/intermediates/manifest_merge_blame_file/release/manifest-merger-blame-release-report.txt
1<?xml version="1.0" encoding="utf-8"?>
2<manifest xmlns:android="http://schemas.android.com/apk/res/android"
3    package="ags.matrimony.asvtbangalore"
4    android:versionCode="4001"
5    android:versionName="1.0.0" >
6
7    <uses-sdk
8        android:minSdkVersion="21"
8-->src/main/AndroidManifest.xml
9        android:targetSdkVersion="34" />
9-->src/main/AndroidManifest.xml
10
11    <uses-permission android:name="android.permission.INTERNET" />
11-->src/main/AndroidManifest.xml:2:5-66
11-->src/main/AndroidManifest.xml:2:22-64
12
13    <queries>
13-->src/main/AndroidManifest.xml:4:5-19:15
14
15        <!-- If your app checks for SMS support -->
16        <intent>
16-->src/main/AndroidManifest.xml:6:9-9:18
17            <action android:name="android.intent.action.VIEW" />
17-->src/main/AndroidManifest.xml:7:13-65
17-->src/main/AndroidManifest.xml:7:21-62
18
19            <data android:scheme="sms" />
19-->src/main/AndroidManifest.xml:8:13-42
19-->src/main/AndroidManifest.xml:8:19-39
20        </intent>
21        <!-- If your app checks for call support -->
22        <intent>
22-->src/main/AndroidManifest.xml:11:9-14:18
23            <action android:name="android.intent.action.VIEW" />
23-->src/main/AndroidManifest.xml:7:13-65
23-->src/main/AndroidManifest.xml:7:21-62
24
25            <data android:scheme="tel" />
25-->src/main/AndroidManifest.xml:8:13-42
25-->src/main/AndroidManifest.xml:8:19-39
26        </intent>
27        <!-- If your application checks for inAppBrowserView launch mode support -->
28        <intent>
28-->src/main/AndroidManifest.xml:16:9-18:18
29            <action android:name="android.support.customtabs.action.CustomTabsService" />
29-->src/main/AndroidManifest.xml:17:13-90
29-->src/main/AndroidManifest.xml:17:21-87
30        </intent>
31    </queries>
32    <!--
33         Required to query activities that can process text, see:
34         https://developer.android.com/training/package-visibility?hl=en and
35         https://developer.android.com/reference/android/content/Intent#ACTION_PROCESS_TEXT.
36
37         In particular, this is used by the Flutter engine in io.flutter.plugin.text.ProcessTextPlugin.
38    -->
39    <queries>
39-->src/main/AndroidManifest.xml:4:5-19:15
40        <intent>
40-->src/main/AndroidManifest.xml:58:9-61:18
41            <action android:name="android.intent.action.PROCESS_TEXT" />
41-->src/main/AndroidManifest.xml:59:13-72
41-->src/main/AndroidManifest.xml:59:21-70
42
43            <data android:mimeType="text/plain" />
43-->src/main/AndroidManifest.xml:8:13-42
43-->src/main/AndroidManifest.xml:60:19-48
44        </intent>
45    </queries>
46
47    <uses-permission android:name="android.permission.WAKE_LOCK" />
47-->[:firebase_messaging] AndroidManifest.xml:10:5-68
47-->[:firebase_messaging] AndroidManifest.xml:10:22-65
48    <uses-permission android:name="android.permission.ACCESS_NETWORK_STATE" /> <!-- Permissions options for the `notification` group -->
48-->[:firebase_messaging] AndroidManifest.xml:11:5-79
48-->[:firebase_messaging] AndroidManifest.xml:11:22-76
49    <uses-permission android:name="android.permission.POST_NOTIFICATIONS" /> <!-- Required by older versions of Google Play services to create IID tokens -->
49-->[:firebase_messaging] AndroidManifest.xml:13:5-77
49-->[:firebase_messaging] AndroidManifest.xml:13:22-74
50    <uses-permission android:name="com.google.android.c2dm.permission.RECEIVE" />
50-->[com.google.firebase:firebase-messaging:24.0.1] AndroidManifest.xml:26:5-82
50-->[com.google.firebase:firebase-messaging:24.0.1] AndroidManifest.xml:26:22-79
51    <uses-permission android:name="com.google.android.gms.permission.AD_ID" />
51-->[com.google.android.gms:play-services-measurement-api:22.1.0] AndroidManifest.xml:25:5-79
51-->[com.google.android.gms:play-services-measurement-api:22.1.0] AndroidManifest.xml:25:22-76
52    <uses-permission android:name="android.permission.ACCESS_ADSERVICES_ATTRIBUTION" />
52-->[com.google.android.gms:play-services-measurement-api:22.1.0] AndroidManifest.xml:26:5-88
52-->[com.google.android.gms:play-services-measurement-api:22.1.0] AndroidManifest.xml:26:22-85
53    <uses-permission android:name="android.permission.ACCESS_ADSERVICES_AD_ID" />
53-->[com.google.android.gms:play-services-measurement-api:22.1.0] AndroidManifest.xml:27:5-82
53-->[com.google.android.gms:play-services-measurement-api:22.1.0] AndroidManifest.xml:27:22-79
54    <uses-permission android:name="com.google.android.finsky.permission.BIND_GET_INSTALL_REFERRER_SERVICE" />
54-->[com.google.android.gms:play-services-measurement:22.1.0] AndroidManifest.xml:26:5-110
54-->[com.google.android.gms:play-services-measurement:22.1.0] AndroidManifest.xml:26:22-107
55
56    <permission
56-->[androidx.core:core:1.10.1] AndroidManifest.xml:22:5-24:47
57        android:name="ags.matrimony.asvtbangalore.DYNAMIC_RECEIVER_NOT_EXPORTED_PERMISSION"
57-->[androidx.core:core:1.10.1] AndroidManifest.xml:23:9-81
58        android:protectionLevel="signature" />
58-->[androidx.core:core:1.10.1] AndroidManifest.xml:24:9-44
59
60    <uses-permission android:name="ags.matrimony.asvtbangalore.DYNAMIC_RECEIVER_NOT_EXPORTED_PERMISSION" />
60-->[androidx.core:core:1.10.1] AndroidManifest.xml:26:5-97
60-->[androidx.core:core:1.10.1] AndroidManifest.xml:26:22-94
61
62    <application
63        android:name="android.app.Application"
63-->src/main/AndroidManifest.xml:22:9-42
64        android:appComponentFactory="androidx.core.app.CoreComponentFactory"
64-->[androidx.core:core:1.10.1] AndroidManifest.xml:28:18-86
65        android:icon="@mipmap/ic_launcher"
65-->src/main/AndroidManifest.xml:23:9-43
66        android:label="ASVT Bangalore" >
66-->src/main/AndroidManifest.xml:21:9-39
67        <activity
67-->src/main/AndroidManifest.xml:24:9-45:20
68            android:name="ags.matrimony.asvtbangalore.MainActivity"
68-->src/main/AndroidManifest.xml:25:13-41
69            android:configChanges="orientation|keyboardHidden|keyboard|screenSize|smallestScreenSize|locale|layoutDirection|fontScale|screenLayout|density|uiMode"
69-->src/main/AndroidManifest.xml:30:13-163
70            android:enableOnBackInvokedCallback="true"
70-->src/main/AndroidManifest.xml:27:13-55
71            android:exported="true"
71-->src/main/AndroidManifest.xml:26:13-36
72            android:hardwareAccelerated="true"
72-->src/main/AndroidManifest.xml:31:13-47
73            android:launchMode="singleTop"
73-->src/main/AndroidManifest.xml:28:13-43
74            android:theme="@style/LaunchTheme"
74-->src/main/AndroidManifest.xml:29:13-47
75            android:windowSoftInputMode="adjustResize" >
75-->src/main/AndroidManifest.xml:32:13-55
76
77            <!--
78                 Specifies an Android theme to apply to this Activity as soon as
79                 the Android process has started. This theme is visible to the user
80                 while the Flutter UI initializes. After that, this theme continues
81                 to determine the Window background behind the Flutter UI.
82            -->
83            <meta-data
83-->src/main/AndroidManifest.xml:37:13-40:17
84                android:name="io.flutter.embedding.android.NormalTheme"
84-->src/main/AndroidManifest.xml:38:15-70
85                android:resource="@style/NormalTheme" />
85-->src/main/AndroidManifest.xml:39:15-52
86
87            <intent-filter>
87-->src/main/AndroidManifest.xml:41:13-44:29
88                <action android:name="android.intent.action.MAIN" />
88-->src/main/AndroidManifest.xml:42:17-68
88-->src/main/AndroidManifest.xml:42:25-66
89
90                <category android:name="android.intent.category.LAUNCHER" />
90-->src/main/AndroidManifest.xml:43:17-76
90-->src/main/AndroidManifest.xml:43:27-74
91            </intent-filter>
92        </activity>
93        <!--
94             Don't delete the meta-data below.
95             This is used by the Flutter tool to generate GeneratedPluginRegistrant.java
96        -->
97        <meta-data
97-->src/main/AndroidManifest.xml:48:9-50:33
98            android:name="flutterEmbedding"
98-->src/main/AndroidManifest.xml:49:13-44
99            android:value="2" />
99-->src/main/AndroidManifest.xml:50:13-30
100
101        <service
101-->[:firebase_messaging] AndroidManifest.xml:16:9-19:72
102            android:name="io.flutter.plugins.firebase.messaging.FlutterFirebaseMessagingBackgroundService"
102-->[:firebase_messaging] AndroidManifest.xml:17:13-107
103            android:exported="false"
103-->[:firebase_messaging] AndroidManifest.xml:18:13-37
104            android:permission="android.permission.BIND_JOB_SERVICE" />
104-->[:firebase_messaging] AndroidManifest.xml:19:13-69
105        <service
105-->[:firebase_messaging] AndroidManifest.xml:20:9-26:19
106            android:name="io.flutter.plugins.firebase.messaging.FlutterFirebaseMessagingService"
106-->[:firebase_messaging] AndroidManifest.xml:21:13-97
107            android:exported="false" >
107-->[:firebase_messaging] AndroidManifest.xml:22:13-37
108            <intent-filter>
108-->[:firebase_messaging] AndroidManifest.xml:23:13-25:29
109                <action android:name="com.google.firebase.MESSAGING_EVENT" />
109-->[:firebase_messaging] AndroidManifest.xml:24:17-78
109-->[:firebase_messaging] AndroidManifest.xml:24:25-75
110            </intent-filter>
111        </service>
112
113        <receiver
113-->[:firebase_messaging] AndroidManifest.xml:28:9-35:20
114            android:name="io.flutter.plugins.firebase.messaging.FlutterFirebaseMessagingReceiver"
114-->[:firebase_messaging] AndroidManifest.xml:29:13-98
115            android:exported="true"
115-->[:firebase_messaging] AndroidManifest.xml:30:13-36
116            android:permission="com.google.android.c2dm.permission.SEND" >
116-->[:firebase_messaging] AndroidManifest.xml:31:13-73
117            <intent-filter>
117-->[:firebase_messaging] AndroidManifest.xml:32:13-34:29
118                <action android:name="com.google.android.c2dm.intent.RECEIVE" />
118-->[:firebase_messaging] AndroidManifest.xml:33:17-81
118-->[:firebase_messaging] AndroidManifest.xml:33:25-78
119            </intent-filter>
120        </receiver>
121
122        <service
122-->[:firebase_messaging] AndroidManifest.xml:37:9-41:19
123            android:name="com.google.firebase.components.ComponentDiscoveryService"
123-->[:firebase_messaging] AndroidManifest.xml:37:18-89
124            android:directBootAware="true"
124-->[com.google.firebase:firebase-common:21.0.0] AndroidManifest.xml:32:13-43
125            android:exported="false" >
125-->[com.google.firebase:firebase-messaging:24.0.1] AndroidManifest.xml:56:13-37
126            <meta-data
126-->[:firebase_messaging] AndroidManifest.xml:38:13-40:85
127                android:name="com.google.firebase.components:io.flutter.plugins.firebase.messaging.FlutterFirebaseAppRegistrar"
127-->[:firebase_messaging] AndroidManifest.xml:39:17-128
128                android:value="com.google.firebase.components.ComponentRegistrar" />
128-->[:firebase_messaging] AndroidManifest.xml:40:17-82
129            <meta-data
129-->[:firebase_core] AndroidManifest.xml:11:13-13:85
130                android:name="com.google.firebase.components:io.flutter.plugins.firebase.core.FlutterFirebaseCoreRegistrar"
130-->[:firebase_core] AndroidManifest.xml:12:17-124
131                android:value="com.google.firebase.components.ComponentRegistrar" />
131-->[:firebase_core] AndroidManifest.xml:13:17-82
132            <meta-data
132-->[com.google.firebase:firebase-messaging:24.0.1] AndroidManifest.xml:57:13-59:85
133                android:name="com.google.firebase.components:com.google.firebase.messaging.FirebaseMessagingKtxRegistrar"
133-->[com.google.firebase:firebase-messaging:24.0.1] AndroidManifest.xml:58:17-122
134                android:value="com.google.firebase.components.ComponentRegistrar" />
134-->[com.google.firebase:firebase-messaging:24.0.1] AndroidManifest.xml:59:17-82
135            <meta-data
135-->[com.google.firebase:firebase-messaging:24.0.1] AndroidManifest.xml:60:13-62:85
136                android:name="com.google.firebase.components:com.google.firebase.messaging.FirebaseMessagingRegistrar"
136-->[com.google.firebase:firebase-messaging:24.0.1] AndroidManifest.xml:61:17-119
137                android:value="com.google.firebase.components.ComponentRegistrar" />
137-->[com.google.firebase:firebase-messaging:24.0.1] AndroidManifest.xml:62:17-82
138            <meta-data
138-->[com.google.android.gms:play-services-measurement-api:22.1.0] AndroidManifest.xml:37:13-39:85
139                android:name="com.google.firebase.components:com.google.firebase.analytics.connector.internal.AnalyticsConnectorRegistrar"
139-->[com.google.android.gms:play-services-measurement-api:22.1.0] AndroidManifest.xml:38:17-139
140                android:value="com.google.firebase.components.ComponentRegistrar" />
140-->[com.google.android.gms:play-services-measurement-api:22.1.0] AndroidManifest.xml:39:17-82
141            <meta-data
141-->[com.google.firebase:firebase-installations:18.0.0] AndroidManifest.xml:15:13-17:85
142                android:name="com.google.firebase.components:com.google.firebase.installations.FirebaseInstallationsKtxRegistrar"
142-->[com.google.firebase:firebase-installations:18.0.0] AndroidManifest.xml:16:17-130
143                android:value="com.google.firebase.components.ComponentRegistrar" />
143-->[com.google.firebase:firebase-installations:18.0.0] AndroidManifest.xml:17:17-82
144            <meta-data
144-->[com.google.firebase:firebase-installations:18.0.0] AndroidManifest.xml:18:13-20:85
145                android:name="com.google.firebase.components:com.google.firebase.installations.FirebaseInstallationsRegistrar"
145-->[com.google.firebase:firebase-installations:18.0.0] AndroidManifest.xml:19:17-127
146                android:value="com.google.firebase.components.ComponentRegistrar" />
146-->[com.google.firebase:firebase-installations:18.0.0] AndroidManifest.xml:20:17-82
147            <meta-data
147-->[com.google.firebase:firebase-common-ktx:21.0.0] AndroidManifest.xml:12:13-14:85
148                android:name="com.google.firebase.components:com.google.firebase.ktx.FirebaseCommonLegacyRegistrar"
148-->[com.google.firebase:firebase-common-ktx:21.0.0] AndroidManifest.xml:13:17-116
149                android:value="com.google.firebase.components.ComponentRegistrar" />
149-->[com.google.firebase:firebase-common-ktx:21.0.0] AndroidManifest.xml:14:17-82
150            <meta-data
150-->[com.google.firebase:firebase-common:21.0.0] AndroidManifest.xml:35:13-37:85
151                android:name="com.google.firebase.components:com.google.firebase.FirebaseCommonKtxRegistrar"
151-->[com.google.firebase:firebase-common:21.0.0] AndroidManifest.xml:36:17-109
152                android:value="com.google.firebase.components.ComponentRegistrar" />
152-->[com.google.firebase:firebase-common:21.0.0] AndroidManifest.xml:37:17-82
153            <meta-data
153-->[com.google.firebase:firebase-datatransport:18.2.0] AndroidManifest.xml:25:13-27:85
154                android:name="com.google.firebase.components:com.google.firebase.datatransport.TransportRegistrar"
154-->[com.google.firebase:firebase-datatransport:18.2.0] AndroidManifest.xml:26:17-115
155                android:value="com.google.firebase.components.ComponentRegistrar" />
155-->[com.google.firebase:firebase-datatransport:18.2.0] AndroidManifest.xml:27:17-82
156        </service>
157
158        <provider
158-->[:firebase_messaging] AndroidManifest.xml:43:9-47:38
159            android:name="io.flutter.plugins.firebase.messaging.FlutterFirebaseMessagingInitProvider"
159-->[:firebase_messaging] AndroidManifest.xml:44:13-102
160            android:authorities="ags.matrimony.asvtbangalore.flutterfirebasemessaginginitprovider"
160-->[:firebase_messaging] AndroidManifest.xml:45:13-88
161            android:exported="false"
161-->[:firebase_messaging] AndroidManifest.xml:46:13-37
162            android:initOrder="99" />
162-->[:firebase_messaging] AndroidManifest.xml:47:13-35
163        <provider
163-->[:image_picker_android] AndroidManifest.xml:11:9-19:20
164            android:name="io.flutter.plugins.imagepicker.ImagePickerFileProvider"
164-->[:image_picker_android] AndroidManifest.xml:12:13-82
165            android:authorities="ags.matrimony.asvtbangalore.flutter.image_provider"
165-->[:image_picker_android] AndroidManifest.xml:13:13-74
166            android:exported="false"
166-->[:image_picker_android] AndroidManifest.xml:14:13-37
167            android:grantUriPermissions="true" >
167-->[:image_picker_android] AndroidManifest.xml:15:13-47
168            <meta-data
168-->[:image_picker_android] AndroidManifest.xml:16:13-18:75
169                android:name="android.support.FILE_PROVIDER_PATHS"
169-->[:image_picker_android] AndroidManifest.xml:17:17-67
170                android:resource="@xml/flutter_image_picker_file_paths" />
170-->[:image_picker_android] AndroidManifest.xml:18:17-72
171        </provider> <!-- Trigger Google Play services to install the backported photo picker module. -->
172        <service
172-->[:image_picker_android] AndroidManifest.xml:21:9-33:19
173            android:name="com.google.android.gms.metadata.ModuleDependencies"
173-->[:image_picker_android] AndroidManifest.xml:22:13-78
174            android:enabled="false"
174-->[:image_picker_android] AndroidManifest.xml:23:13-36
175            android:exported="false" >
175-->[:image_picker_android] AndroidManifest.xml:24:13-37
176            <intent-filter>
176-->[:image_picker_android] AndroidManifest.xml:26:13-28:29
177                <action android:name="com.google.android.gms.metadata.MODULE_DEPENDENCIES" />
177-->[:image_picker_android] AndroidManifest.xml:27:17-94
177-->[:image_picker_android] AndroidManifest.xml:27:25-91
178            </intent-filter>
179
180            <meta-data
180-->[:image_picker_android] AndroidManifest.xml:30:13-32:36
181                android:name="photopicker_activity:0:required"
181-->[:image_picker_android] AndroidManifest.xml:31:17-63
182                android:value="" />
182-->[:image_picker_android] AndroidManifest.xml:32:17-33
183        </service>
184        <!--
185           Declares a provider which allows us to store files to share in
186           '.../caches/share_plus' and grant the receiving action access
187        -->
188        <provider
188-->[:share_plus] AndroidManifest.xml:15:9-23:20
189            android:name="dev.fluttercommunity.plus.share.ShareFileProvider"
189-->[:share_plus] AndroidManifest.xml:16:13-77
190            android:authorities="ags.matrimony.asvtbangalore.flutter.share_provider"
190-->[:share_plus] AndroidManifest.xml:17:13-74
191            android:exported="false"
191-->[:share_plus] AndroidManifest.xml:18:13-37
192            android:grantUriPermissions="true" >
192-->[:share_plus] AndroidManifest.xml:19:13-47
193            <meta-data
193-->[:image_picker_android] AndroidManifest.xml:16:13-18:75
194                android:name="android.support.FILE_PROVIDER_PATHS"
194-->[:image_picker_android] AndroidManifest.xml:17:17-67
195                android:resource="@xml/flutter_share_file_paths" />
195-->[:image_picker_android] AndroidManifest.xml:18:17-72
196        </provider>
197        <!--
198           This manifest declared broadcast receiver allows us to use an explicit
199           Intent when creating a PendingItent to be informed of the user's choice
200        -->
201        <receiver
201-->[:share_plus] AndroidManifest.xml:28:9-34:20
202            android:name="dev.fluttercommunity.plus.share.SharePlusPendingIntent"
202-->[:share_plus] AndroidManifest.xml:29:13-82
203            android:exported="false" >
203-->[:share_plus] AndroidManifest.xml:30:13-37
204            <intent-filter>
204-->[:share_plus] AndroidManifest.xml:31:13-33:29
205                <action android:name="EXTRA_CHOSEN_COMPONENT" />
205-->[:share_plus] AndroidManifest.xml:32:17-65
205-->[:share_plus] AndroidManifest.xml:32:25-62
206            </intent-filter>
207        </receiver>
208
209        <activity
209-->[:url_launcher_android] AndroidManifest.xml:10:9-13:74
210            android:name="io.flutter.plugins.urllauncher.WebViewActivity"
210-->[:url_launcher_android] AndroidManifest.xml:11:13-74
211            android:exported="false"
211-->[:url_launcher_android] AndroidManifest.xml:12:13-37
212            android:theme="@android:style/Theme.NoTitleBar.Fullscreen" />
212-->[:url_launcher_android] AndroidManifest.xml:13:13-71
213
214        <receiver
214-->[com.google.firebase:firebase-messaging:24.0.1] AndroidManifest.xml:29:9-40:20
215            android:name="com.google.firebase.iid.FirebaseInstanceIdReceiver"
215-->[com.google.firebase:firebase-messaging:24.0.1] AndroidManifest.xml:30:13-78
216            android:exported="true"
216-->[com.google.firebase:firebase-messaging:24.0.1] AndroidManifest.xml:31:13-36
217            android:permission="com.google.android.c2dm.permission.SEND" >
217-->[com.google.firebase:firebase-messaging:24.0.1] AndroidManifest.xml:32:13-73
218            <intent-filter>
218-->[:firebase_messaging] AndroidManifest.xml:32:13-34:29
219                <action android:name="com.google.android.c2dm.intent.RECEIVE" />
219-->[:firebase_messaging] AndroidManifest.xml:33:17-81
219-->[:firebase_messaging] AndroidManifest.xml:33:25-78
220            </intent-filter>
221
222            <meta-data
222-->[com.google.firebase:firebase-messaging:24.0.1] AndroidManifest.xml:37:13-39:40
223                android:name="com.google.android.gms.cloudmessaging.FINISHED_AFTER_HANDLED"
223-->[com.google.firebase:firebase-messaging:24.0.1] AndroidManifest.xml:38:17-92
224                android:value="true" />
224-->[com.google.firebase:firebase-messaging:24.0.1] AndroidManifest.xml:39:17-37
225        </receiver>
226        <!--
227             FirebaseMessagingService performs security checks at runtime,
228             but set to not exported to explicitly avoid allowing another app to call it.
229        -->
230        <service
230-->[com.google.firebase:firebase-messaging:24.0.1] AndroidManifest.xml:46:9-53:19
231            android:name="com.google.firebase.messaging.FirebaseMessagingService"
231-->[com.google.firebase:firebase-messaging:24.0.1] AndroidManifest.xml:47:13-82
232            android:directBootAware="true"
232-->[com.google.firebase:firebase-messaging:24.0.1] AndroidManifest.xml:48:13-43
233            android:exported="false" >
233-->[com.google.firebase:firebase-messaging:24.0.1] AndroidManifest.xml:49:13-37
234            <intent-filter android:priority="-500" >
234-->[:firebase_messaging] AndroidManifest.xml:23:13-25:29
235                <action android:name="com.google.firebase.MESSAGING_EVENT" />
235-->[:firebase_messaging] AndroidManifest.xml:24:17-78
235-->[:firebase_messaging] AndroidManifest.xml:24:25-75
236            </intent-filter>
237        </service>
238
239        <property
239-->[com.google.android.gms:play-services-measurement-api:22.1.0] AndroidManifest.xml:30:9-32:61
240            android:name="android.adservices.AD_SERVICES_CONFIG"
240-->[com.google.android.gms:play-services-measurement-api:22.1.0] AndroidManifest.xml:31:13-65
241            android:resource="@xml/ga_ad_services_config" />
241-->[com.google.android.gms:play-services-measurement-api:22.1.0] AndroidManifest.xml:32:13-58
242
243        <provider
243-->[com.google.firebase:firebase-common:21.0.0] AndroidManifest.xml:23:9-28:39
244            android:name="com.google.firebase.provider.FirebaseInitProvider"
244-->[com.google.firebase:firebase-common:21.0.0] AndroidManifest.xml:24:13-77
245            android:authorities="ags.matrimony.asvtbangalore.firebaseinitprovider"
245-->[com.google.firebase:firebase-common:21.0.0] AndroidManifest.xml:25:13-72
246            android:directBootAware="true"
246-->[com.google.firebase:firebase-common:21.0.0] AndroidManifest.xml:26:13-43
247            android:exported="false"
247-->[com.google.firebase:firebase-common:21.0.0] AndroidManifest.xml:27:13-37
248            android:initOrder="100" />
248-->[com.google.firebase:firebase-common:21.0.0] AndroidManifest.xml:28:13-36
249
250        <activity
250-->[com.google.android.gms:play-services-base:18.0.1] AndroidManifest.xml:20:9-22:45
251            android:name="com.google.android.gms.common.api.GoogleApiActivity"
251-->[com.google.android.gms:play-services-base:18.0.1] AndroidManifest.xml:20:19-85
252            android:exported="false"
252-->[com.google.android.gms:play-services-base:18.0.1] AndroidManifest.xml:22:19-43
253            android:theme="@android:style/Theme.Translucent.NoTitleBar" />
253-->[com.google.android.gms:play-services-base:18.0.1] AndroidManifest.xml:21:19-78
254
255        <receiver
255-->[com.google.android.gms:play-services-measurement:22.1.0] AndroidManifest.xml:29:9-33:20
256            android:name="com.google.android.gms.measurement.AppMeasurementReceiver"
256-->[com.google.android.gms:play-services-measurement:22.1.0] AndroidManifest.xml:30:13-85
257            android:enabled="true"
257-->[com.google.android.gms:play-services-measurement:22.1.0] AndroidManifest.xml:31:13-35
258            android:exported="false" >
258-->[com.google.android.gms:play-services-measurement:22.1.0] AndroidManifest.xml:32:13-37
259        </receiver>
260
261        <service
261-->[com.google.android.gms:play-services-measurement:22.1.0] AndroidManifest.xml:35:9-38:40
262            android:name="com.google.android.gms.measurement.AppMeasurementService"
262-->[com.google.android.gms:play-services-measurement:22.1.0] AndroidManifest.xml:36:13-84
263            android:enabled="true"
263-->[com.google.android.gms:play-services-measurement:22.1.0] AndroidManifest.xml:37:13-35
264            android:exported="false" />
264-->[com.google.android.gms:play-services-measurement:22.1.0] AndroidManifest.xml:38:13-37
265        <service
265-->[com.google.android.gms:play-services-measurement:22.1.0] AndroidManifest.xml:39:9-43:72
266            android:name="com.google.android.gms.measurement.AppMeasurementJobService"
266-->[com.google.android.gms:play-services-measurement:22.1.0] AndroidManifest.xml:40:13-87
267            android:enabled="true"
267-->[com.google.android.gms:play-services-measurement:22.1.0] AndroidManifest.xml:41:13-35
268            android:exported="false"
268-->[com.google.android.gms:play-services-measurement:22.1.0] AndroidManifest.xml:42:13-37
269            android:permission="android.permission.BIND_JOB_SERVICE" />
269-->[com.google.android.gms:play-services-measurement:22.1.0] AndroidManifest.xml:43:13-69
270
271        <uses-library
271-->[androidx.privacysandbox.ads:ads-adservices:1.0.0-beta05] AndroidManifest.xml:23:9-25:40
272            android:name="android.ext.adservices"
272-->[androidx.privacysandbox.ads:ads-adservices:1.0.0-beta05] AndroidManifest.xml:24:13-50
273            android:required="false" />
273-->[androidx.privacysandbox.ads:ads-adservices:1.0.0-beta05] AndroidManifest.xml:25:13-37
274        <uses-library
274-->[androidx.window:window:1.0.0-beta04] AndroidManifest.xml:25:9-27:40
275            android:name="androidx.window.extensions"
275-->[androidx.window:window:1.0.0-beta04] AndroidManifest.xml:26:13-54
276            android:required="false" />
276-->[androidx.window:window:1.0.0-beta04] AndroidManifest.xml:27:13-37
277        <uses-library
277-->[androidx.window:window:1.0.0-beta04] AndroidManifest.xml:28:9-30:40
278            android:name="androidx.window.sidecar"
278-->[androidx.window:window:1.0.0-beta04] AndroidManifest.xml:29:13-51
279            android:required="false" />
279-->[androidx.window:window:1.0.0-beta04] AndroidManifest.xml:30:13-37
280
281        <meta-data
281-->[com.google.android.gms:play-services-basement:18.4.0] AndroidManifest.xml:6:9-122
282            android:name="com.google.android.gms.version"
282-->[com.google.android.gms:play-services-basement:18.4.0] AndroidManifest.xml:6:20-65
283            android:value="@integer/google_play_services_version" />
283-->[com.google.android.gms:play-services-basement:18.4.0] AndroidManifest.xml:6:66-119
284
285        <provider
285-->[androidx.profileinstaller:profileinstaller:1.3.0] AndroidManifest.xml:24:9-32:20
286            android:name="androidx.startup.InitializationProvider"
286-->[androidx.profileinstaller:profileinstaller:1.3.0] AndroidManifest.xml:25:13-67
287            android:authorities="ags.matrimony.asvtbangalore.androidx-startup"
287-->[androidx.profileinstaller:profileinstaller:1.3.0] AndroidManifest.xml:26:13-68
288            android:exported="false" >
288-->[androidx.profileinstaller:profileinstaller:1.3.0] AndroidManifest.xml:27:13-37
289            <meta-data
289-->[androidx.profileinstaller:profileinstaller:1.3.0] AndroidManifest.xml:29:13-31:52
290                android:name="androidx.profileinstaller.ProfileInstallerInitializer"
290-->[androidx.profileinstaller:profileinstaller:1.3.0] AndroidManifest.xml:30:17-85
291                android:value="androidx.startup" />
291-->[androidx.profileinstaller:profileinstaller:1.3.0] AndroidManifest.xml:31:17-49
292        </provider>
293
294        <receiver
294-->[androidx.profileinstaller:profileinstaller:1.3.0] AndroidManifest.xml:34:9-52:20
295            android:name="androidx.profileinstaller.ProfileInstallReceiver"
295-->[androidx.profileinstaller:profileinstaller:1.3.0] AndroidManifest.xml:35:13-76
296            android:directBootAware="false"
296-->[androidx.profileinstaller:profileinstaller:1.3.0] AndroidManifest.xml:36:13-44
297            android:enabled="true"
297-->[androidx.profileinstaller:profileinstaller:1.3.0] AndroidManifest.xml:37:13-35
298            android:exported="true"
298-->[androidx.profileinstaller:profileinstaller:1.3.0] AndroidManifest.xml:38:13-36
299            android:permission="android.permission.DUMP" >